2016-11-12 16:48:41,912 - Log4JLogChute initialized using file 'velocity.log'
2016-11-12 16:48:41,913 - Velocity was not initialized! Calling init()...
2016-11-12 16:48:41,913 - Starting Apache Velocity v1.5 (compiled: 2007-02-22 08:52:29)
2016-11-12 16:48:41,913 - Default Properties File: org\apache\velocity\runtime\defaults\velocity.properties
2016-11-12 16:48:41,913 - Trying to use logger class org.apache.velocity.runtime.log.AvalonLogChute
2016-11-12 16:48:41,915 - Couldn't find class org.apache.velocity.runtime.log.AvalonLogChute or necessary supporting classes in classpath.
java.lang.NoClassDefFoundError: org/apache/log/format/Formatter
	at java.lang.Class.forName0(Native Method)
	at java.lang.Class.forName(Class.java:348)
	at org.apache.velocity.util.ClassUtils.getClass(ClassUtils.java:63)
	at org.apache.velocity.util.ClassUtils.getNewInstance(ClassUtils.java:95)
	at org.apache.velocity.runtime.log.LogManager.createLogChute(LogManager.java:147)
	at org.apache.velocity.runtime.log.LogManager.updateLog(LogManager.java:208)
	at org.apache.velocity.runtime.RuntimeInstance.initializeLog(RuntimeInstance.java:728)
	at org.apache.velocity.runtime.RuntimeInstance.init(RuntimeInstance.java:240)
	at org.apache.velocity.runtime.RuntimeInstance.parse(RuntimeInstance.java:993)
	at org.apache.velocity.runtime.RuntimeInstance.parse(RuntimeInstance.java:972)
	at org.apache.velocity.runtime.RuntimeSingleton.parse(RuntimeSingleton.java:265)
	at org.apache.velocity.app.Velocity.evaluate(Velocity.java:274)
	at org.sonatype.mavenbook.weather.WeatherFormatter.format(WeatherFormatter.java:21)
	at org.sonatype.mavenbook.weather.yahoo.WeatherFormatterTest.testFormat(WeatherFormatterTest.java:23)
	at sun.reflect.NativeMethodAccessorImpl.invoke0(Native Method)
	at sun.reflect.NativeMethodAccessorImpl.invoke(NativeMethodAccessorImpl.java:62)
	at sun.reflect.DelegatingMethodAccessorImpl.invoke(DelegatingMethodAccessorImpl.java:43)
	at java.lang.reflect.Method.invoke(Method.java:498)
	at junit.framework.TestCase.runTest(TestCase.java:154)
	at junit.framework.TestCase.runBare(TestCase.java:127)
	at junit.framework.TestResult$1.protect(TestResult.java:106)
	at junit.framework.TestResult.runProtected(TestResult.java:124)
	at junit.framework.TestResult.run(TestResult.java:109)
	at junit.framework.TestCase.run(TestCase.java:118)
	at junit.framework.TestSuite.runTest(TestSuite.java:208)
	at junit.framework.TestSuite.run(TestSuite.java:203)
	at sun.reflect.NativeMethodAccessorImpl.invoke0(Native Method)
	at sun.reflect.NativeMethodAccessorImpl.invoke(NativeMethodAccessorImpl.java:62)
	at sun.reflect.DelegatingMethodAccessorImpl.invoke(DelegatingMethodAccessorImpl.java:43)
	at java.lang.reflect.Method.invoke(Method.java:498)
	at org.apache.maven.surefire.junit.JUnitTestSet.execute(JUnitTestSet.java:95)
	at org.apache.maven.surefire.junit.JUnit3Provider.executeTestSet(JUnit3Provider.java:121)
	at org.apache.maven.surefire.junit.JUnit3Provider.invoke(JUnit3Provider.java:98)
	at sun.reflect.NativeMethodAccessorImpl.invoke0(Native Method)
	at sun.reflect.NativeMethodAccessorImpl.invoke(NativeMethodAccessorImpl.java:62)
	at sun.reflect.DelegatingMethodAccessorImpl.invoke(DelegatingMethodAccessorImpl.java:43)
	at java.lang.reflect.Method.invoke(Method.java:498)
	at org.apache.maven.surefire.util.ReflectionUtils.invokeMethodWithArray(ReflectionUtils.java:189)
	at org.apache.maven.surefire.booter.ProviderFactory$ProviderProxy.invoke(ProviderFactory.java:165)
	at org.apache.maven.surefire.booter.ProviderFactory.invokeProvider(ProviderFactory.java:85)
	at org.apache.maven.surefire.booter.ForkedBooter.runSuitesInProcess(ForkedBooter.java:115)
	at org.apache.maven.surefire.booter.ForkedBooter.main(ForkedBooter.java:75)
Caused by: java.lang.ClassNotFoundException: org.apache.log.format.Formatter
	at java.net.URLClassLoader.findClass(URLClassLoader.java:381)
	at java.lang.ClassLoader.loadClass(ClassLoader.java:424)
	at sun.misc.Launcher$AppClassLoader.loadClass(Launcher.java:331)
	at java.lang.ClassLoader.loadClass(ClassLoader.java:357)
	... 42 more
2016-11-12 16:48:41,918 - Trying to use logger class org.apache.velocity.runtime.log.Log4JLogChute
2016-11-12 16:48:41,918 - Using logger class org.apache.velocity.runtime.log.Log4JLogChute
2016-11-12 16:48:41,920 - Default ResourceManager initializing. (class org.apache.velocity.runtime.resource.ResourceManagerImpl)
2016-11-12 16:48:41,923 - ResourceLoader instantiated: org.apache.velocity.runtime.resource.loader.FileResourceLoader
2016-11-12 16:48:41,925 - Do unicode file recognition:  false
2016-11-12 16:48:41,925 - FileResourceLoader : adding path '.'
2016-11-12 16:48:41,944 - ResourceCache: initialized (class org.apache.velocity.runtime.resource.ResourceCacheImpl)
2016-11-12 16:48:41,947 - Loaded System Directive: org.apache.velocity.runtime.directive.Literal
2016-11-12 16:48:41,948 - Loaded System Directive: org.apache.velocity.runtime.directive.Macro
2016-11-12 16:48:41,949 - Loaded System Directive: org.apache.velocity.runtime.directive.Parse
2016-11-12 16:48:41,950 - Loaded System Directive: org.apache.velocity.runtime.directive.Include
2016-11-12 16:48:41,951 - Loaded System Directive: org.apache.velocity.runtime.directive.Foreach
2016-11-12 16:48:41,978 - Created '20' parsers.
2016-11-12 16:48:41,986 - Velocimacro : "velocimacro.library" is not set.  Trying default library: VM_global_library.vm
2016-11-12 16:48:41,986 - Velocimacro : Default library not found.
2016-11-12 16:48:41,986 - Velocimacro : allowInline = true : VMs can be defined inline in templates
2016-11-12 16:48:41,986 - Velocimacro : allowInlineToOverride = false : VMs defined inline may NOT replace previous VM definitions
2016-11-12 16:48:41,986 - Velocimacro : allowInlineLocal = false : VMs defined inline will be global in scope if allowed.
2016-11-12 16:48:41,986 - Velocimacro : autoload off : VM system will not automatically reload global library macros
2016-11-12 16:56:58,598 - Log4JLogChute initialized using file 'velocity.log'
2016-11-12 16:56:58,598 - Velocity was not initialized! Calling init()...
2016-11-12 16:56:58,599 - Starting Apache Velocity v1.5 (compiled: 2007-02-22 08:52:29)
2016-11-12 16:56:58,599 - Default Properties File: org\apache\velocity\runtime\defaults\velocity.properties
2016-11-12 16:56:58,599 - Trying to use logger class org.apache.velocity.runtime.log.AvalonLogChute
2016-11-12 16:56:58,601 - Couldn't find class org.apache.velocity.runtime.log.AvalonLogChute or necessary supporting classes in classpath.
java.lang.NoClassDefFoundError: org/apache/log/format/Formatter
	at java.lang.Class.forName0(Native Method)
	at java.lang.Class.forName(Class.java:348)
	at org.apache.velocity.util.ClassUtils.getClass(ClassUtils.java:63)
	at org.apache.velocity.util.ClassUtils.getNewInstance(ClassUtils.java:95)
	at org.apache.velocity.runtime.log.LogManager.createLogChute(LogManager.java:147)
	at org.apache.velocity.runtime.log.LogManager.updateLog(LogManager.java:208)
	at org.apache.velocity.runtime.RuntimeInstance.initializeLog(RuntimeInstance.java:728)
	at org.apache.velocity.runtime.RuntimeInstance.init(RuntimeInstance.java:240)
	at org.apache.velocity.runtime.RuntimeInstance.parse(RuntimeInstance.java:993)
	at org.apache.velocity.runtime.RuntimeInstance.parse(RuntimeInstance.java:972)
	at org.apache.velocity.runtime.RuntimeSingleton.parse(RuntimeSingleton.java:265)
	at org.apache.velocity.app.Velocity.evaluate(Velocity.java:274)
	at org.sonatype.mavenbook.weather.WeatherFormatter.format(WeatherFormatter.java:21)
	at org.sonatype.mavenbook.weather.yahoo.WeatherFormatterTest.testFormat(WeatherFormatterTest.java:23)
	at sun.reflect.NativeMethodAccessorImpl.invoke0(Native Method)
	at sun.reflect.NativeMethodAccessorImpl.invoke(NativeMethodAccessorImpl.java:62)
	at sun.reflect.DelegatingMethodAccessorImpl.invoke(DelegatingMethodAccessorImpl.java:43)
	at java.lang.reflect.Method.invoke(Method.java:498)
	at junit.framework.TestCase.runTest(TestCase.java:154)
	at junit.framework.TestCase.runBare(TestCase.java:127)
	at junit.framework.TestResult$1.protect(TestResult.java:106)
	at junit.framework.TestResult.runProtected(TestResult.java:124)
	at junit.framework.TestResult.run(TestResult.java:109)
	at junit.framework.TestCase.run(TestCase.java:118)
	at junit.framework.TestSuite.runTest(TestSuite.java:208)
	at junit.framework.TestSuite.run(TestSuite.java:203)
	at sun.reflect.NativeMethodAccessorImpl.invoke0(Native Method)
	at sun.reflect.NativeMethodAccessorImpl.invoke(NativeMethodAccessorImpl.java:62)
	at sun.reflect.DelegatingMethodAccessorImpl.invoke(DelegatingMethodAccessorImpl.java:43)
	at java.lang.reflect.Method.invoke(Method.java:498)
	at org.apache.maven.surefire.junit.JUnitTestSet.execute(JUnitTestSet.java:95)
	at org.apache.maven.surefire.junit.JUnit3Provider.executeTestSet(JUnit3Provider.java:121)
	at org.apache.maven.surefire.junit.JUnit3Provider.invoke(JUnit3Provider.java:98)
	at sun.reflect.NativeMethodAccessorImpl.invoke0(Native Method)
	at sun.reflect.NativeMethodAccessorImpl.invoke(NativeMethodAccessorImpl.java:62)
	at sun.reflect.DelegatingMethodAccessorImpl.invoke(DelegatingMethodAccessorImpl.java:43)
	at java.lang.reflect.Method.invoke(Method.java:498)
	at org.apache.maven.surefire.util.ReflectionUtils.invokeMethodWithArray(ReflectionUtils.java:189)
	at org.apache.maven.surefire.booter.ProviderFactory$ProviderProxy.invoke(ProviderFactory.java:165)
	at org.apache.maven.surefire.booter.ProviderFactory.invokeProvider(ProviderFactory.java:85)
	at org.apache.maven.surefire.booter.ForkedBooter.runSuitesInProcess(ForkedBooter.java:115)
	at org.apache.maven.surefire.booter.ForkedBooter.main(ForkedBooter.java:75)
Caused by: java.lang.ClassNotFoundException: org.apache.log.format.Formatter
	at java.net.URLClassLoader.findClass(URLClassLoader.java:381)
	at java.lang.ClassLoader.loadClass(ClassLoader.java:424)
	at sun.misc.Launcher$AppClassLoader.loadClass(Launcher.java:331)
	at java.lang.ClassLoader.loadClass(ClassLoader.java:357)
	... 42 more
2016-11-12 16:56:58,604 - Trying to use logger class org.apache.velocity.runtime.log.Log4JLogChute
2016-11-12 16:56:58,604 - Using logger class org.apache.velocity.runtime.log.Log4JLogChute
2016-11-12 16:56:58,606 - Default ResourceManager initializing. (class org.apache.velocity.runtime.resource.ResourceManagerImpl)
2016-11-12 16:56:58,610 - ResourceLoader instantiated: org.apache.velocity.runtime.resource.loader.FileResourceLoader
2016-11-12 16:56:58,611 - Do unicode file recognition:  false
2016-11-12 16:56:58,611 - FileResourceLoader : adding path '.'
2016-11-12 16:56:58,635 - ResourceCache: initialized (class org.apache.velocity.runtime.resource.ResourceCacheImpl)
2016-11-12 16:56:58,636 - Loaded System Directive: org.apache.velocity.runtime.directive.Literal
2016-11-12 16:56:58,637 - Loaded System Directive: org.apache.velocity.runtime.directive.Macro
2016-11-12 16:56:58,639 - Loaded System Directive: org.apache.velocity.runtime.directive.Parse
2016-11-12 16:56:58,640 - Loaded System Directive: org.apache.velocity.runtime.directive.Include
2016-11-12 16:56:58,641 - Loaded System Directive: org.apache.velocity.runtime.directive.Foreach
2016-11-12 16:56:58,668 - Created '20' parsers.
2016-11-12 16:56:58,675 - Velocimacro : "velocimacro.library" is not set.  Trying default library: VM_global_library.vm
2016-11-12 16:56:58,675 - Velocimacro : Default library not found.
2016-11-12 16:56:58,675 - Velocimacro : allowInline = true : VMs can be defined inline in templates
2016-11-12 16:56:58,675 - Velocimacro : allowInlineToOverride = false : VMs defined inline may NOT replace previous VM definitions
2016-11-12 16:56:58,675 - Velocimacro : allowInlineLocal = false : VMs defined inline will be global in scope if allowed.
2016-11-12 16:56:58,675 - Velocimacro : autoload off : VM system will not automatically reload global library macros
2016-11-12 17:00:26,317 - Log4JLogChute initialized using file 'velocity.log'
2016-11-12 17:00:26,318 - Velocity was not initialized! Calling init()...
2016-11-12 17:00:26,318 - Starting Apache Velocity v1.5 (compiled: 2007-02-22 08:52:29)
2016-11-12 17:00:26,318 - Default Properties File: org\apache\velocity\runtime\defaults\velocity.properties
2016-11-12 17:00:26,318 - Trying to use logger class org.apache.velocity.runtime.log.AvalonLogChute
2016-11-12 17:00:26,319 - Couldn't find class org.apache.velocity.runtime.log.AvalonLogChute or necessary supporting classes in classpath.
java.lang.NoClassDefFoundError: org/apache/log/format/Formatter
	at java.lang.Class.forName0(Native Method)
	at java.lang.Class.forName(Class.java:348)
	at org.apache.velocity.util.ClassUtils.getClass(ClassUtils.java:63)
	at org.apache.velocity.util.ClassUtils.getNewInstance(ClassUtils.java:95)
	at org.apache.velocity.runtime.log.LogManager.createLogChute(LogManager.java:147)
	at org.apache.velocity.runtime.log.LogManager.updateLog(LogManager.java:208)
	at org.apache.velocity.runtime.RuntimeInstance.initializeLog(RuntimeInstance.java:728)
	at org.apache.velocity.runtime.RuntimeInstance.init(RuntimeInstance.java:240)
	at org.apache.velocity.runtime.RuntimeInstance.parse(RuntimeInstance.java:993)
	at org.apache.velocity.runtime.RuntimeInstance.parse(RuntimeInstance.java:972)
	at org.apache.velocity.runtime.RuntimeSingleton.parse(RuntimeSingleton.java:265)
	at org.apache.velocity.app.Velocity.evaluate(Velocity.java:274)
	at org.sonatype.mavenbook.weather.WeatherFormatter.format(WeatherFormatter.java:21)
	at org.sonatype.mavenbook.weather.yahoo.WeatherFormatterTest.testFormat(WeatherFormatterTest.java:23)
	at sun.reflect.NativeMethodAccessorImpl.invoke0(Native Method)
	at sun.reflect.NativeMethodAccessorImpl.invoke(NativeMethodAccessorImpl.java:62)
	at sun.reflect.DelegatingMethodAccessorImpl.invoke(DelegatingMethodAccessorImpl.java:43)
	at java.lang.reflect.Method.invoke(Method.java:498)
	at junit.framework.TestCase.runTest(TestCase.java:154)
	at junit.framework.TestCase.runBare(TestCase.java:127)
	at junit.framework.TestResult$1.protect(TestResult.java:106)
	at junit.framework.TestResult.runProtected(TestResult.java:124)
	at junit.framework.TestResult.run(TestResult.java:109)
	at junit.framework.TestCase.run(TestCase.java:118)
	at junit.framework.TestSuite.runTest(TestSuite.java:208)
	at junit.framework.TestSuite.run(TestSuite.java:203)
	at sun.reflect.NativeMethodAccessorImpl.invoke0(Native Method)
	at sun.reflect.NativeMethodAccessorImpl.invoke(NativeMethodAccessorImpl.java:62)
	at sun.reflect.DelegatingMethodAccessorImpl.invoke(DelegatingMethodAccessorImpl.java:43)
	at java.lang.reflect.Method.invoke(Method.java:498)
	at org.apache.maven.surefire.junit.JUnitTestSet.execute(JUnitTestSet.java:95)
	at org.apache.maven.surefire.junit.JUnit3Provider.executeTestSet(JUnit3Provider.java:121)
	at org.apache.maven.surefire.junit.JUnit3Provider.invoke(JUnit3Provider.java:98)
	at sun.reflect.NativeMethodAccessorImpl.invoke0(Native Method)
	at sun.reflect.NativeMethodAccessorImpl.invoke(NativeMethodAccessorImpl.java:62)
	at sun.reflect.DelegatingMethodAccessorImpl.invoke(DelegatingMethodAccessorImpl.java:43)
	at java.lang.reflect.Method.invoke(Method.java:498)
	at org.apache.maven.surefire.util.ReflectionUtils.invokeMethodWithArray(ReflectionUtils.java:189)
	at org.apache.maven.surefire.booter.ProviderFactory$ProviderProxy.invoke(ProviderFactory.java:165)
	at org.apache.maven.surefire.booter.ProviderFactory.invokeProvider(ProviderFactory.java:85)
	at org.apache.maven.surefire.booter.ForkedBooter.runSuitesInProcess(ForkedBooter.java:115)
	at org.apache.maven.surefire.booter.ForkedBooter.main(ForkedBooter.java:75)
Caused by: java.lang.ClassNotFoundException: org.apache.log.format.Formatter
	at java.net.URLClassLoader.findClass(URLClassLoader.java:381)
	at java.lang.ClassLoader.loadClass(ClassLoader.java:424)
	at sun.misc.Launcher$AppClassLoader.loadClass(Launcher.java:331)
	at java.lang.ClassLoader.loadClass(ClassLoader.java:357)
	... 42 more
2016-11-12 17:00:26,322 - Trying to use logger class org.apache.velocity.runtime.log.Log4JLogChute
2016-11-12 17:00:26,322 - Using logger class org.apache.velocity.runtime.log.Log4JLogChute
2016-11-12 17:00:26,324 - Default ResourceManager initializing. (class org.apache.velocity.runtime.resource.ResourceManagerImpl)
2016-11-12 17:00:26,327 - ResourceLoader instantiated: org.apache.velocity.runtime.resource.loader.FileResourceLoader
2016-11-12 17:00:26,328 - Do unicode file recognition:  false
2016-11-12 17:00:26,328 - FileResourceLoader : adding path '.'
2016-11-12 17:00:26,350 - ResourceCache: initialized (class org.apache.velocity.runtime.resource.ResourceCacheImpl)
2016-11-12 17:00:26,351 - Loaded System Directive: org.apache.velocity.runtime.directive.Literal
2016-11-12 17:00:26,352 - Loaded System Directive: org.apache.velocity.runtime.directive.Macro
2016-11-12 17:00:26,354 - Loaded System Directive: org.apache.velocity.runtime.directive.Parse
2016-11-12 17:00:26,355 - Loaded System Directive: org.apache.velocity.runtime.directive.Include
2016-11-12 17:00:26,356 - Loaded System Directive: org.apache.velocity.runtime.directive.Foreach
2016-11-12 17:00:26,382 - Created '20' parsers.
2016-11-12 17:00:26,389 - Velocimacro : "velocimacro.library" is not set.  Trying default library: VM_global_library.vm
2016-11-12 17:00:26,389 - Velocimacro : Default library not found.
2016-11-12 17:00:26,389 - Velocimacro : allowInline = true : VMs can be defined inline in templates
2016-11-12 17:00:26,389 - Velocimacro : allowInlineToOverride = false : VMs defined inline may NOT replace previous VM definitions
2016-11-12 17:00:26,389 - Velocimacro : allowInlineLocal = false : VMs defined inline will be global in scope if allowed.
2016-11-12 17:00:26,389 - Velocimacro : autoload off : VM system will not automatically reload global library macros
2016-11-12 17:04:15,458 - Log4JLogChute initialized using file 'velocity.log'
2016-11-12 17:04:15,459 - Velocity was not initialized! Calling init()...
2016-11-12 17:04:15,459 - Starting Apache Velocity v1.5 (compiled: 2007-02-22 08:52:29)
2016-11-12 17:04:15,459 - Default Properties File: org\apache\velocity\runtime\defaults\velocity.properties
2016-11-12 17:04:15,459 - Trying to use logger class org.apache.velocity.runtime.log.AvalonLogChute
2016-11-12 17:04:15,461 - Couldn't find class org.apache.velocity.runtime.log.AvalonLogChute or necessary supporting classes in classpath.
java.lang.NoClassDefFoundError: org/apache/log/format/Formatter
	at java.lang.Class.forName0(Native Method)
	at java.lang.Class.forName(Class.java:348)
	at org.apache.velocity.util.ClassUtils.getClass(ClassUtils.java:63)
	at org.apache.velocity.util.ClassUtils.getNewInstance(ClassUtils.java:95)
	at org.apache.velocity.runtime.log.LogManager.createLogChute(LogManager.java:147)
	at org.apache.velocity.runtime.log.LogManager.updateLog(LogManager.java:208)
	at org.apache.velocity.runtime.RuntimeInstance.initializeLog(RuntimeInstance.java:728)
	at org.apache.velocity.runtime.RuntimeInstance.init(RuntimeInstance.java:240)
	at org.apache.velocity.runtime.RuntimeInstance.parse(RuntimeInstance.java:993)
	at org.apache.velocity.runtime.RuntimeInstance.parse(RuntimeInstance.java:972)
	at org.apache.velocity.runtime.RuntimeSingleton.parse(RuntimeSingleton.java:265)
	at org.apache.velocity.app.Velocity.evaluate(Velocity.java:274)
	at org.sonatype.mavenbook.weather.WeatherFormatter.format(WeatherFormatter.java:21)
	at org.sonatype.mavenbook.weather.yahoo.WeatherFormatterTest.testFormat(WeatherFormatterTest.java:23)
	at sun.reflect.NativeMethodAccessorImpl.invoke0(Native Method)
	at sun.reflect.NativeMethodAccessorImpl.invoke(NativeMethodAccessorImpl.java:62)
	at sun.reflect.DelegatingMethodAccessorImpl.invoke(DelegatingMethodAccessorImpl.java:43)
	at java.lang.reflect.Method.invoke(Method.java:498)
	at junit.framework.TestCase.runTest(TestCase.java:154)
	at junit.framework.TestCase.runBare(TestCase.java:127)
	at junit.framework.TestResult$1.protect(TestResult.java:106)
	at junit.framework.TestResult.runProtected(TestResult.java:124)
	at junit.framework.TestResult.run(TestResult.java:109)
	at junit.framework.TestCase.run(TestCase.java:118)
	at junit.framework.TestSuite.runTest(TestSuite.java:208)
	at junit.framework.TestSuite.run(TestSuite.java:203)
	at sun.reflect.NativeMethodAccessorImpl.invoke0(Native Method)
	at sun.reflect.NativeMethodAccessorImpl.invoke(NativeMethodAccessorImpl.java:62)
	at sun.reflect.DelegatingMethodAccessorImpl.invoke(DelegatingMethodAccessorImpl.java:43)
	at java.lang.reflect.Method.invoke(Method.java:498)
	at org.apache.maven.surefire.junit.JUnitTestSet.execute(JUnitTestSet.java:95)
	at org.apache.maven.surefire.junit.JUnit3Provider.executeTestSet(JUnit3Provider.java:121)
	at org.apache.maven.surefire.junit.JUnit3Provider.invoke(JUnit3Provider.java:98)
	at sun.reflect.NativeMethodAccessorImpl.invoke0(Native Method)
	at sun.reflect.NativeMethodAccessorImpl.invoke(NativeMethodAccessorImpl.java:62)
	at sun.reflect.DelegatingMethodAccessorImpl.invoke(DelegatingMethodAccessorImpl.java:43)
	at java.lang.reflect.Method.invoke(Method.java:498)
	at org.apache.maven.surefire.util.ReflectionUtils.invokeMethodWithArray(ReflectionUtils.java:189)
	at org.apache.maven.surefire.booter.ProviderFactory$ProviderProxy.invoke(ProviderFactory.java:165)
	at org.apache.maven.surefire.booter.ProviderFactory.invokeProvider(ProviderFactory.java:85)
	at org.apache.maven.surefire.booter.ForkedBooter.runSuitesInProcess(ForkedBooter.java:115)
	at org.apache.maven.surefire.booter.ForkedBooter.main(ForkedBooter.java:75)
Caused by: java.lang.ClassNotFoundException: org.apache.log.format.Formatter
	at java.net.URLClassLoader.findClass(URLClassLoader.java:381)
	at java.lang.ClassLoader.loadClass(ClassLoader.java:424)
	at sun.misc.Launcher$AppClassLoader.loadClass(Launcher.java:331)
	at java.lang.ClassLoader.loadClass(ClassLoader.java:357)
	... 42 more
2016-11-12 17:04:15,463 - Trying to use logger class org.apache.velocity.runtime.log.Log4JLogChute
2016-11-12 17:04:15,463 - Using logger class org.apache.velocity.runtime.log.Log4JLogChute
2016-11-12 17:04:15,466 - Default ResourceManager initializing. (class org.apache.velocity.runtime.resource.ResourceManagerImpl)
2016-11-12 17:04:15,469 - ResourceLoader instantiated: org.apache.velocity.runtime.resource.loader.FileResourceLoader
2016-11-12 17:04:15,470 - Do unicode file recognition:  false
2016-11-12 17:04:15,470 - FileResourceLoader : adding path '.'
2016-11-12 17:04:15,492 - ResourceCache: initialized (class org.apache.velocity.runtime.resource.ResourceCacheImpl)
2016-11-12 17:04:15,494 - Loaded System Directive: org.apache.velocity.runtime.directive.Literal
2016-11-12 17:04:15,495 - Loaded System Directive: org.apache.velocity.runtime.directive.Macro
2016-11-12 17:04:15,496 - Loaded System Directive: org.apache.velocity.runtime.directive.Parse
2016-11-12 17:04:15,498 - Loaded System Directive: org.apache.velocity.runtime.directive.Include
2016-11-12 17:04:15,498 - Loaded System Directive: org.apache.velocity.runtime.directive.Foreach
2016-11-12 17:04:15,524 - Created '20' parsers.
2016-11-12 17:04:15,531 - Velocimacro : "velocimacro.library" is not set.  Trying default library: VM_global_library.vm
2016-11-12 17:04:15,532 - Velocimacro : Default library not found.
2016-11-12 17:04:15,532 - Velocimacro : allowInline = true : VMs can be defined inline in templates
2016-11-12 17:04:15,532 - Velocimacro : allowInlineToOverride = false : VMs defined inline may NOT replace previous VM definitions
2016-11-12 17:04:15,532 - Velocimacro : allowInlineLocal = false : VMs defined inline will be global in scope if allowed.
2016-11-12 17:04:15,532 - Velocimacro : autoload off : VM system will not automatically reload global library macros
