2016-11-12 12:48:42,613 - Log4JLogChute initialized using file 'velocity.log'
2016-11-12 12:48:42,614 - Velocity was not initialized! Calling init()...
2016-11-12 12:48:42,614 - Starting Apache Velocity v1.5 (compiled: 2007-02-22 08:52:29)
2016-11-12 12:48:42,614 - Default Properties File: org\apache\velocity\runtime\defaults\velocity.properties
2016-11-12 12:48:42,614 - Trying to use logger class org.apache.velocity.runtime.log.AvalonLogChute
2016-11-12 12:48:42,616 - Couldn't find class org.apache.velocity.runtime.log.AvalonLogChute or necessary supporting classes in classpath.
java.lang.NoClassDefFoundError: org/apache/log/format/Formatter
	at java.lang.Class.forName0(Native Method)
	at java.lang.Class.forName(Class.java:348)
	at org.apache.velocity.util.ClassUtils.getClass(ClassUtils.java:63)
	at org.apache.velocity.util.ClassUtils.getNewInstance(ClassUtils.java:95)
	at org.apache.velocity.runtime.log.LogManager.createLogChute(LogManager.java:147)
	at org.apache.velocity.runtime.log.LogManager.updateLog(LogManager.java:208)
	at org.apache.velocity.runtime.RuntimeInstance.initializeLog(RuntimeInstance.java:728)
	at org.apache.velocity.runtime.RuntimeInstance.init(RuntimeInstance.java:240)
	at org.apache.velocity.runtime.RuntimeInstance.parse(RuntimeInstance.java:993)
	at org.apache.velocity.runtime.RuntimeInstance.parse(RuntimeInstance.java:972)
	at org.apache.velocity.runtime.RuntimeSingleton.parse(RuntimeSingleton.java:265)
	at org.apache.velocity.app.Velocity.evaluate(Velocity.java:274)
	at org.sonatype.mavenbook.weather.WeatherFormatter.format(WeatherFormatter.java:21)
	at org.sonatype.mavenbook.weather.yahoo.WeatherFormatterTest.testFormat(WeatherFormatterTest.java:23)
	at sun.reflect.NativeMethodAccessorImpl.invoke0(Native Method)
	at sun.reflect.NativeMethodAccessorImpl.invoke(NativeMethodAccessorImpl.java:62)
	at sun.reflect.DelegatingMethodAccessorImpl.invoke(DelegatingMethodAccessorImpl.java:43)
	at java.lang.reflect.Method.invoke(Method.java:498)
	at junit.framework.TestCase.runTest(TestCase.java:154)
	at junit.framework.TestCase.runBare(TestCase.java:127)
	at junit.framework.TestResult$1.protect(TestResult.java:106)
	at junit.framework.TestResult.runProtected(TestResult.java:124)
	at junit.framework.TestResult.run(TestResult.java:109)
	at junit.framework.TestCase.run(TestCase.java:118)
	at junit.framework.TestSuite.runTest(TestSuite.java:208)
	at junit.framework.TestSuite.run(TestSuite.java:203)
	at sun.reflect.NativeMethodAccessorImpl.invoke0(Native Method)
	at sun.reflect.NativeMethodAccessorImpl.invoke(NativeMethodAccessorImpl.java:62)
	at sun.reflect.DelegatingMethodAccessorImpl.invoke(DelegatingMethodAccessorImpl.java:43)
	at java.lang.reflect.Method.invoke(Method.java:498)
	at org.apache.maven.surefire.junit.JUnitTestSet.execute(JUnitTestSet.java:95)
	at org.apache.maven.surefire.junit.JUnit3Provider.executeTestSet(JUnit3Provider.java:121)
	at org.apache.maven.surefire.junit.JUnit3Provider.invoke(JUnit3Provider.java:98)
	at sun.reflect.NativeMethodAccessorImpl.invoke0(Native Method)
	at sun.reflect.NativeMethodAccessorImpl.invoke(NativeMethodAccessorImpl.java:62)
	at sun.reflect.DelegatingMethodAccessorImpl.invoke(DelegatingMethodAccessorImpl.java:43)
	at java.lang.reflect.Method.invoke(Method.java:498)
	at org.apache.maven.surefire.util.ReflectionUtils.invokeMethodWithArray(ReflectionUtils.java:189)
	at org.apache.maven.surefire.booter.ProviderFactory$ProviderProxy.invoke(ProviderFactory.java:165)
	at org.apache.maven.surefire.booter.ProviderFactory.invokeProvider(ProviderFactory.java:85)
	at org.apache.maven.surefire.booter.ForkedBooter.runSuitesInProcess(ForkedBooter.java:115)
	at org.apache.maven.surefire.booter.ForkedBooter.main(ForkedBooter.java:75)
Caused by: java.lang.ClassNotFoundException: org.apache.log.format.Formatter
	at java.net.URLClassLoader.findClass(URLClassLoader.java:381)
	at java.lang.ClassLoader.loadClass(ClassLoader.java:424)
	at sun.misc.Launcher$AppClassLoader.loadClass(Launcher.java:331)
	at java.lang.ClassLoader.loadClass(ClassLoader.java:357)
	... 42 more
2016-11-12 12:48:42,621 - Trying to use logger class org.apache.velocity.runtime.log.Log4JLogChute
2016-11-12 12:48:42,621 - Using logger class org.apache.velocity.runtime.log.Log4JLogChute
2016-11-12 12:48:42,624 - Default ResourceManager initializing. (class org.apache.velocity.runtime.resource.ResourceManagerImpl)
2016-11-12 12:48:42,628 - ResourceLoader instantiated: org.apache.velocity.runtime.resource.loader.FileResourceLoader
2016-11-12 12:48:42,629 - Do unicode file recognition:  false
2016-11-12 12:48:42,629 - FileResourceLoader : adding path '.'
2016-11-12 12:48:42,643 - ResourceCache: initialized (class org.apache.velocity.runtime.resource.ResourceCacheImpl)
2016-11-12 12:48:42,644 - Loaded System Directive: org.apache.velocity.runtime.directive.Literal
2016-11-12 12:48:42,645 - Loaded System Directive: org.apache.velocity.runtime.directive.Macro
2016-11-12 12:48:42,646 - Loaded System Directive: org.apache.velocity.runtime.directive.Parse
2016-11-12 12:48:42,658 - Loaded System Directive: org.apache.velocity.runtime.directive.Include
2016-11-12 12:48:42,659 - Loaded System Directive: org.apache.velocity.runtime.directive.Foreach
2016-11-12 12:48:42,687 - Created '20' parsers.
2016-11-12 12:48:42,694 - Velocimacro : "velocimacro.library" is not set.  Trying default library: VM_global_library.vm
2016-11-12 12:48:42,695 - Velocimacro : Default library not found.
2016-11-12 12:48:42,695 - Velocimacro : allowInline = true : VMs can be defined inline in templates
2016-11-12 12:48:42,695 - Velocimacro : allowInlineToOverride = false : VMs defined inline may NOT replace previous VM definitions
2016-11-12 12:48:42,695 - Velocimacro : allowInlineLocal = false : VMs defined inline will be global in scope if allowed.
2016-11-12 12:48:42,695 - Velocimacro : autoload off : VM system will not automatically reload global library macros
2016-11-12 13:03:59,795 - Log4JLogChute initialized using file 'velocity.log'
2016-11-12 13:03:59,796 - Velocity was not initialized! Calling init()...
2016-11-12 13:03:59,796 - Starting Apache Velocity v1.5 (compiled: 2007-02-22 08:52:29)
2016-11-12 13:03:59,796 - Default Properties File: org\apache\velocity\runtime\defaults\velocity.properties
2016-11-12 13:03:59,796 - Trying to use logger class org.apache.velocity.runtime.log.AvalonLogChute
2016-11-12 13:03:59,797 - Couldn't find class org.apache.velocity.runtime.log.AvalonLogChute or necessary supporting classes in classpath.
java.lang.NoClassDefFoundError: org/apache/log/format/Formatter
	at java.lang.Class.forName0(Native Method)
	at java.lang.Class.forName(Class.java:348)
	at org.apache.velocity.util.ClassUtils.getClass(ClassUtils.java:63)
	at org.apache.velocity.util.ClassUtils.getNewInstance(ClassUtils.java:95)
	at org.apache.velocity.runtime.log.LogManager.createLogChute(LogManager.java:147)
	at org.apache.velocity.runtime.log.LogManager.updateLog(LogManager.java:208)
	at org.apache.velocity.runtime.RuntimeInstance.initializeLog(RuntimeInstance.java:728)
	at org.apache.velocity.runtime.RuntimeInstance.init(RuntimeInstance.java:240)
	at org.apache.velocity.runtime.RuntimeInstance.parse(RuntimeInstance.java:993)
	at org.apache.velocity.runtime.RuntimeInstance.parse(RuntimeInstance.java:972)
	at org.apache.velocity.runtime.RuntimeSingleton.parse(RuntimeSingleton.java:265)
	at org.apache.velocity.app.Velocity.evaluate(Velocity.java:274)
	at org.sonatype.mavenbook.weather.WeatherFormatter.format(WeatherFormatter.java:21)
	at org.sonatype.mavenbook.weather.yahoo.WeatherFormatterTest.testFormat(WeatherFormatterTest.java:23)
	at sun.reflect.NativeMethodAccessorImpl.invoke0(Native Method)
	at sun.reflect.NativeMethodAccessorImpl.invoke(NativeMethodAccessorImpl.java:62)
	at sun.reflect.DelegatingMethodAccessorImpl.invoke(DelegatingMethodAccessorImpl.java:43)
	at java.lang.reflect.Method.invoke(Method.java:498)
	at junit.framework.TestCase.runTest(TestCase.java:154)
	at junit.framework.TestCase.runBare(TestCase.java:127)
	at junit.framework.TestResult$1.protect(TestResult.java:106)
	at junit.framework.TestResult.runProtected(TestResult.java:124)
	at junit.framework.TestResult.run(TestResult.java:109)
	at junit.framework.TestCase.run(TestCase.java:118)
	at junit.framework.TestSuite.runTest(TestSuite.java:208)
	at junit.framework.TestSuite.run(TestSuite.java:203)
	at sun.reflect.NativeMethodAccessorImpl.invoke0(Native Method)
	at sun.reflect.NativeMethodAccessorImpl.invoke(NativeMethodAccessorImpl.java:62)
	at sun.reflect.DelegatingMethodAccessorImpl.invoke(DelegatingMethodAccessorImpl.java:43)
	at java.lang.reflect.Method.invoke(Method.java:498)
	at org.apache.maven.surefire.junit.JUnitTestSet.execute(JUnitTestSet.java:95)
	at org.apache.maven.surefire.junit.JUnit3Provider.executeTestSet(JUnit3Provider.java:121)
	at org.apache.maven.surefire.junit.JUnit3Provider.invoke(JUnit3Provider.java:98)
	at sun.reflect.NativeMethodAccessorImpl.invoke0(Native Method)
	at sun.reflect.NativeMethodAccessorImpl.invoke(NativeMethodAccessorImpl.java:62)
	at sun.reflect.DelegatingMethodAccessorImpl.invoke(DelegatingMethodAccessorImpl.java:43)
	at java.lang.reflect.Method.invoke(Method.java:498)
	at org.apache.maven.surefire.util.ReflectionUtils.invokeMethodWithArray(ReflectionUtils.java:189)
	at org.apache.maven.surefire.booter.ProviderFactory$ProviderProxy.invoke(ProviderFactory.java:165)
	at org.apache.maven.surefire.booter.ProviderFactory.invokeProvider(ProviderFactory.java:85)
	at org.apache.maven.surefire.booter.ForkedBooter.runSuitesInProcess(ForkedBooter.java:115)
	at org.apache.maven.surefire.booter.ForkedBooter.main(ForkedBooter.java:75)
Caused by: java.lang.ClassNotFoundException: org.apache.log.format.Formatter
	at java.net.URLClassLoader.findClass(URLClassLoader.java:381)
	at java.lang.ClassLoader.loadClass(ClassLoader.java:424)
	at sun.misc.Launcher$AppClassLoader.loadClass(Launcher.java:331)
	at java.lang.ClassLoader.loadClass(ClassLoader.java:357)
	... 42 more
2016-11-12 13:03:59,804 - Trying to use logger class org.apache.velocity.runtime.log.Log4JLogChute
2016-11-12 13:03:59,804 - Using logger class org.apache.velocity.runtime.log.Log4JLogChute
2016-11-12 13:03:59,806 - Default ResourceManager initializing. (class org.apache.velocity.runtime.resource.ResourceManagerImpl)
2016-11-12 13:03:59,809 - ResourceLoader instantiated: org.apache.velocity.runtime.resource.loader.FileResourceLoader
2016-11-12 13:03:59,810 - Do unicode file recognition:  false
2016-11-12 13:03:59,810 - FileResourceLoader : adding path '.'
2016-11-12 13:03:59,823 - ResourceCache: initialized (class org.apache.velocity.runtime.resource.ResourceCacheImpl)
2016-11-12 13:03:59,824 - Loaded System Directive: org.apache.velocity.runtime.directive.Literal
2016-11-12 13:03:59,825 - Loaded System Directive: org.apache.velocity.runtime.directive.Macro
2016-11-12 13:03:59,827 - Loaded System Directive: org.apache.velocity.runtime.directive.Parse
2016-11-12 13:03:59,972 - Loaded System Directive: org.apache.velocity.runtime.directive.Include
2016-11-12 13:03:59,973 - Loaded System Directive: org.apache.velocity.runtime.directive.Foreach
2016-11-12 13:04:00,002 - Created '20' parsers.
2016-11-12 13:04:00,009 - Velocimacro : "velocimacro.library" is not set.  Trying default library: VM_global_library.vm
2016-11-12 13:04:00,009 - Velocimacro : Default library not found.
2016-11-12 13:04:00,009 - Velocimacro : allowInline = true : VMs can be defined inline in templates
2016-11-12 13:04:00,009 - Velocimacro : allowInlineToOverride = false : VMs defined inline may NOT replace previous VM definitions
2016-11-12 13:04:00,009 - Velocimacro : allowInlineLocal = false : VMs defined inline will be global in scope if allowed.
2016-11-12 13:04:00,010 - Velocimacro : autoload off : VM system will not automatically reload global library macros
2016-11-12 13:05:04,284 - Log4JLogChute initialized using file 'velocity.log'
2016-11-12 13:05:04,284 - Velocity was not initialized! Calling init()...
2016-11-12 13:05:04,284 - Starting Apache Velocity v1.5 (compiled: 2007-02-22 08:52:29)
2016-11-12 13:05:04,284 - Default Properties File: org\apache\velocity\runtime\defaults\velocity.properties
2016-11-12 13:05:04,284 - Trying to use logger class org.apache.velocity.runtime.log.AvalonLogChute
2016-11-12 13:05:04,299 - Couldn't find class org.apache.velocity.runtime.log.AvalonLogChute or necessary supporting classes in classpath.
java.lang.NoClassDefFoundError: org/apache/log/format/Formatter
	at java.lang.Class.forName0(Native Method)
	at java.lang.Class.forName(Class.java:348)
	at org.apache.velocity.util.ClassUtils.getClass(ClassUtils.java:63)
	at org.apache.velocity.util.ClassUtils.getNewInstance(ClassUtils.java:95)
	at org.apache.velocity.runtime.log.LogManager.createLogChute(LogManager.java:147)
	at org.apache.velocity.runtime.log.LogManager.updateLog(LogManager.java:208)
	at org.apache.velocity.runtime.RuntimeInstance.initializeLog(RuntimeInstance.java:728)
	at org.apache.velocity.runtime.RuntimeInstance.init(RuntimeInstance.java:240)
	at org.apache.velocity.runtime.RuntimeInstance.parse(RuntimeInstance.java:993)
	at org.apache.velocity.runtime.RuntimeInstance.parse(RuntimeInstance.java:972)
	at org.apache.velocity.runtime.RuntimeSingleton.parse(RuntimeSingleton.java:265)
	at org.apache.velocity.app.Velocity.evaluate(Velocity.java:274)
	at org.sonatype.mavenbook.weather.WeatherFormatter.format(WeatherFormatter.java:21)
	at org.sonatype.mavenbook.weather.Main.start(Main.java:38)
	at org.sonatype.mavenbook.weather.Main.main(Main.java:21)
	at sun.reflect.NativeMethodAccessorImpl.invoke0(Native Method)
	at sun.reflect.NativeMethodAccessorImpl.invoke(NativeMethodAccessorImpl.java:62)
	at sun.reflect.DelegatingMethodAccessorImpl.invoke(DelegatingMethodAccessorImpl.java:43)
	at java.lang.reflect.Method.invoke(Method.java:498)
	at org.codehaus.mojo.exec.ExecJavaMojo$1.run(ExecJavaMojo.java:294)
	at java.lang.Thread.run(Thread.java:745)
Caused by: java.lang.ClassNotFoundException: org.apache.log.format.Formatter
	at java.net.URLClassLoader.findClass(URLClassLoader.java:381)
	at java.lang.ClassLoader.loadClass(ClassLoader.java:424)
	at java.lang.ClassLoader.loadClass(ClassLoader.java:357)
	... 21 more
2016-11-12 13:05:04,299 - Trying to use logger class org.apache.velocity.runtime.log.Log4JLogChute
2016-11-12 13:05:04,299 - Using logger class org.apache.velocity.runtime.log.Log4JLogChute
2016-11-12 13:05:04,299 - Default ResourceManager initializing. (class org.apache.velocity.runtime.resource.ResourceManagerImpl)
2016-11-12 13:05:04,299 - ResourceLoader instantiated: org.apache.velocity.runtime.resource.loader.FileResourceLoader
2016-11-12 13:05:04,299 - Do unicode file recognition:  false
2016-11-12 13:05:04,299 - FileResourceLoader : adding path '.'
2016-11-12 13:05:04,315 - ResourceCache: initialized (class org.apache.velocity.runtime.resource.ResourceCacheImpl)
2016-11-12 13:05:04,315 - Loaded System Directive: org.apache.velocity.runtime.directive.Literal
2016-11-12 13:05:04,315 - Loaded System Directive: org.apache.velocity.runtime.directive.Macro
2016-11-12 13:05:04,315 - Loaded System Directive: org.apache.velocity.runtime.directive.Parse
2016-11-12 13:05:04,315 - Loaded System Directive: org.apache.velocity.runtime.directive.Include
2016-11-12 13:05:04,315 - Loaded System Directive: org.apache.velocity.runtime.directive.Foreach
2016-11-12 13:05:04,346 - Created '20' parsers.
2016-11-12 13:05:04,346 - Velocimacro : "velocimacro.library" is not set.  Trying default library: VM_global_library.vm
2016-11-12 13:05:04,346 - Velocimacro : Default library not found.
2016-11-12 13:05:04,346 - Velocimacro : allowInline = true : VMs can be defined inline in templates
2016-11-12 13:05:04,346 - Velocimacro : allowInlineToOverride = false : VMs defined inline may NOT replace previous VM definitions
2016-11-12 13:05:04,346 - Velocimacro : allowInlineLocal = false : VMs defined inline will be global in scope if allowed.
2016-11-12 13:05:04,346 - Velocimacro : autoload off : VM system will not automatically reload global library macros
2016-11-12 13:13:28,199 - Log4JLogChute initialized using file 'velocity.log'
2016-11-12 13:13:28,199 - Velocity was not initialized! Calling init()...
2016-11-12 13:13:28,199 - Starting Apache Velocity v1.5 (compiled: 2007-02-22 08:52:29)
2016-11-12 13:13:28,199 - Default Properties File: org\apache\velocity\runtime\defaults\velocity.properties
2016-11-12 13:13:28,199 - Trying to use logger class org.apache.velocity.runtime.log.AvalonLogChute
2016-11-12 13:13:28,199 - Couldn't find class org.apache.velocity.runtime.log.AvalonLogChute or necessary supporting classes in classpath.
java.lang.NoClassDefFoundError: org/apache/log/format/Formatter
	at java.lang.Class.forName0(Native Method)
	at java.lang.Class.forName(Class.java:348)
	at org.apache.velocity.util.ClassUtils.getClass(ClassUtils.java:63)
	at org.apache.velocity.util.ClassUtils.getNewInstance(ClassUtils.java:95)
	at org.apache.velocity.runtime.log.LogManager.createLogChute(LogManager.java:147)
	at org.apache.velocity.runtime.log.LogManager.updateLog(LogManager.java:208)
	at org.apache.velocity.runtime.RuntimeInstance.initializeLog(RuntimeInstance.java:728)
	at org.apache.velocity.runtime.RuntimeInstance.init(RuntimeInstance.java:240)
	at org.apache.velocity.runtime.RuntimeInstance.parse(RuntimeInstance.java:993)
	at org.apache.velocity.runtime.RuntimeInstance.parse(RuntimeInstance.java:972)
	at org.apache.velocity.runtime.RuntimeSingleton.parse(RuntimeSingleton.java:265)
	at org.apache.velocity.app.Velocity.evaluate(Velocity.java:274)
	at org.sonatype.mavenbook.weather.WeatherFormatter.format(WeatherFormatter.java:21)
	at org.sonatype.mavenbook.weather.Main.start(Main.java:38)
	at org.sonatype.mavenbook.weather.Main.main(Main.java:21)
Caused by: java.lang.ClassNotFoundException: org.apache.log.format.Formatter
	at java.net.URLClassLoader.findClass(URLClassLoader.java:381)
	at java.lang.ClassLoader.loadClass(ClassLoader.java:424)
	at sun.misc.Launcher$AppClassLoader.loadClass(Launcher.java:331)
	at java.lang.ClassLoader.loadClass(ClassLoader.java:357)
	... 15 more
2016-11-12 13:13:28,199 - Trying to use logger class org.apache.velocity.runtime.log.Log4JLogChute
2016-11-12 13:13:28,199 - Using logger class org.apache.velocity.runtime.log.Log4JLogChute
2016-11-12 13:13:28,199 - Default ResourceManager initializing. (class org.apache.velocity.runtime.resource.ResourceManagerImpl)
2016-11-12 13:13:28,199 - ResourceLoader instantiated: org.apache.velocity.runtime.resource.loader.FileResourceLoader
2016-11-12 13:13:28,199 - Do unicode file recognition:  false
2016-11-12 13:13:28,199 - FileResourceLoader : adding path '.'
2016-11-12 13:13:28,214 - ResourceCache: initialized (class org.apache.velocity.runtime.resource.ResourceCacheImpl)
2016-11-12 13:13:28,214 - Loaded System Directive: org.apache.velocity.runtime.directive.Literal
2016-11-12 13:13:28,214 - Loaded System Directive: org.apache.velocity.runtime.directive.Macro
2016-11-12 13:13:28,214 - Loaded System Directive: org.apache.velocity.runtime.directive.Parse
2016-11-12 13:13:28,214 - Loaded System Directive: org.apache.velocity.runtime.directive.Include
2016-11-12 13:13:28,214 - Loaded System Directive: org.apache.velocity.runtime.directive.Foreach
2016-11-12 13:13:28,245 - Created '20' parsers.
2016-11-12 13:13:28,245 - Velocimacro : "velocimacro.library" is not set.  Trying default library: VM_global_library.vm
2016-11-12 13:13:28,245 - Velocimacro : Default library not found.
2016-11-12 13:13:28,245 - Velocimacro : allowInline = true : VMs can be defined inline in templates
2016-11-12 13:13:28,245 - Velocimacro : allowInlineToOverride = false : VMs defined inline may NOT replace previous VM definitions
2016-11-12 13:13:28,245 - Velocimacro : allowInlineLocal = false : VMs defined inline will be global in scope if allowed.
2016-11-12 13:13:28,245 - Velocimacro : autoload off : VM system will not automatically reload global library macros
2016-11-12 13:18:41,658 - Log4JLogChute initialized using file 'velocity.log'
2016-11-12 13:18:41,673 - Velocity was not initialized! Calling init()...
2016-11-12 13:18:41,673 - Starting Apache Velocity v1.5 (compiled: 2007-02-22 08:52:29)
2016-11-12 13:18:41,673 - Default Properties File: org\apache\velocity\runtime\defaults\velocity.properties
2016-11-12 13:18:41,673 - Trying to use logger class org.apache.velocity.runtime.log.AvalonLogChute
2016-11-12 13:18:41,674 - Couldn't find class org.apache.velocity.runtime.log.AvalonLogChute or necessary supporting classes in classpath.
java.lang.NoClassDefFoundError: org/apache/log/format/Formatter
	at java.lang.Class.forName0(Native Method)
	at java.lang.Class.forName(Class.java:348)
	at org.apache.velocity.util.ClassUtils.getClass(ClassUtils.java:63)
	at org.apache.velocity.util.ClassUtils.getNewInstance(ClassUtils.java:95)
	at org.apache.velocity.runtime.log.LogManager.createLogChute(LogManager.java:147)
	at org.apache.velocity.runtime.log.LogManager.updateLog(LogManager.java:208)
	at org.apache.velocity.runtime.RuntimeInstance.initializeLog(RuntimeInstance.java:728)
	at org.apache.velocity.runtime.RuntimeInstance.init(RuntimeInstance.java:240)
	at org.apache.velocity.runtime.RuntimeInstance.parse(RuntimeInstance.java:993)
	at org.apache.velocity.runtime.RuntimeInstance.parse(RuntimeInstance.java:972)
	at org.apache.velocity.runtime.RuntimeSingleton.parse(RuntimeSingleton.java:265)
	at org.apache.velocity.app.Velocity.evaluate(Velocity.java:274)
	at org.sonatype.mavenbook.weather.WeatherFormatter.format(WeatherFormatter.java:21)
	at org.sonatype.mavenbook.weather.yahoo.WeatherFormatterTest.testFormat(WeatherFormatterTest.java:23)
	at sun.reflect.NativeMethodAccessorImpl.invoke0(Native Method)
	at sun.reflect.NativeMethodAccessorImpl.invoke(NativeMethodAccessorImpl.java:62)
	at sun.reflect.DelegatingMethodAccessorImpl.invoke(DelegatingMethodAccessorImpl.java:43)
	at java.lang.reflect.Method.invoke(Method.java:498)
	at junit.framework.TestCase.runTest(TestCase.java:154)
	at junit.framework.TestCase.runBare(TestCase.java:127)
	at junit.framework.TestResult$1.protect(TestResult.java:106)
	at junit.framework.TestResult.runProtected(TestResult.java:124)
	at junit.framework.TestResult.run(TestResult.java:109)
	at junit.framework.TestCase.run(TestCase.java:118)
	at junit.framework.TestSuite.runTest(TestSuite.java:208)
	at junit.framework.TestSuite.run(TestSuite.java:203)
	at sun.reflect.NativeMethodAccessorImpl.invoke0(Native Method)
	at sun.reflect.NativeMethodAccessorImpl.invoke(NativeMethodAccessorImpl.java:62)
	at sun.reflect.DelegatingMethodAccessorImpl.invoke(DelegatingMethodAccessorImpl.java:43)
	at java.lang.reflect.Method.invoke(Method.java:498)
	at org.apache.maven.surefire.junit.JUnitTestSet.execute(JUnitTestSet.java:95)
	at org.apache.maven.surefire.junit.JUnit3Provider.executeTestSet(JUnit3Provider.java:121)
	at org.apache.maven.surefire.junit.JUnit3Provider.invoke(JUnit3Provider.java:98)
	at sun.reflect.NativeMethodAccessorImpl.invoke0(Native Method)
	at sun.reflect.NativeMethodAccessorImpl.invoke(NativeMethodAccessorImpl.java:62)
	at sun.reflect.DelegatingMethodAccessorImpl.invoke(DelegatingMethodAccessorImpl.java:43)
	at java.lang.reflect.Method.invoke(Method.java:498)
	at org.apache.maven.surefire.util.ReflectionUtils.invokeMethodWithArray(ReflectionUtils.java:189)
	at org.apache.maven.surefire.booter.ProviderFactory$ProviderProxy.invoke(ProviderFactory.java:165)
	at org.apache.maven.surefire.booter.ProviderFactory.invokeProvider(ProviderFactory.java:85)
	at org.apache.maven.surefire.booter.ForkedBooter.runSuitesInProcess(ForkedBooter.java:115)
	at org.apache.maven.surefire.booter.ForkedBooter.main(ForkedBooter.java:75)
Caused by: java.lang.ClassNotFoundException: org.apache.log.format.Formatter
	at java.net.URLClassLoader.findClass(URLClassLoader.java:381)
	at java.lang.ClassLoader.loadClass(ClassLoader.java:424)
	at sun.misc.Launcher$AppClassLoader.loadClass(Launcher.java:331)
	at java.lang.ClassLoader.loadClass(ClassLoader.java:357)
	... 42 more
2016-11-12 13:18:41,674 - Trying to use logger class org.apache.velocity.runtime.log.Log4JLogChute
2016-11-12 13:18:41,674 - Using logger class org.apache.velocity.runtime.log.Log4JLogChute
2016-11-12 13:18:41,674 - Default ResourceManager initializing. (class org.apache.velocity.runtime.resource.ResourceManagerImpl)
2016-11-12 13:18:41,674 - ResourceLoader instantiated: org.apache.velocity.runtime.resource.loader.FileResourceLoader
2016-11-12 13:18:41,690 - Do unicode file recognition:  false
2016-11-12 13:18:41,690 - FileResourceLoader : adding path '.'
2016-11-12 13:18:41,690 - ResourceCache: initialized (class org.apache.velocity.runtime.resource.ResourceCacheImpl)
2016-11-12 13:18:41,705 - Loaded System Directive: org.apache.velocity.runtime.directive.Literal
2016-11-12 13:18:41,705 - Loaded System Directive: org.apache.velocity.runtime.directive.Macro
2016-11-12 13:18:41,705 - Loaded System Directive: org.apache.velocity.runtime.directive.Parse
2016-11-12 13:18:41,740 - Loaded System Directive: org.apache.velocity.runtime.directive.Include
2016-11-12 13:18:41,755 - Loaded System Directive: org.apache.velocity.runtime.directive.Foreach
2016-11-12 13:18:41,786 - Created '20' parsers.
2016-11-12 13:18:41,786 - Velocimacro : "velocimacro.library" is not set.  Trying default library: VM_global_library.vm
2016-11-12 13:18:41,786 - Velocimacro : Default library not found.
2016-11-12 13:18:41,786 - Velocimacro : allowInline = true : VMs can be defined inline in templates
2016-11-12 13:18:41,786 - Velocimacro : allowInlineToOverride = false : VMs defined inline may NOT replace previous VM definitions
2016-11-12 13:18:41,786 - Velocimacro : allowInlineLocal = false : VMs defined inline will be global in scope if allowed.
2016-11-12 13:18:41,786 - Velocimacro : autoload off : VM system will not automatically reload global library macros
2016-11-12 13:21:05,028 - Log4JLogChute initialized using file 'velocity.log'
2016-11-12 13:21:05,029 - Velocity was not initialized! Calling init()...
2016-11-12 13:21:05,029 - Starting Apache Velocity v1.5 (compiled: 2007-02-22 08:52:29)
2016-11-12 13:21:05,030 - Default Properties File: org\apache\velocity\runtime\defaults\velocity.properties
2016-11-12 13:21:05,030 - Trying to use logger class org.apache.velocity.runtime.log.AvalonLogChute
2016-11-12 13:21:05,031 - Couldn't find class org.apache.velocity.runtime.log.AvalonLogChute or necessary supporting classes in classpath.
java.lang.NoClassDefFoundError: org/apache/log/format/Formatter
	at java.lang.Class.forName0(Native Method)
	at java.lang.Class.forName(Class.java:348)
	at org.apache.velocity.util.ClassUtils.getClass(ClassUtils.java:63)
	at org.apache.velocity.util.ClassUtils.getNewInstance(ClassUtils.java:95)
	at org.apache.velocity.runtime.log.LogManager.createLogChute(LogManager.java:147)
	at org.apache.velocity.runtime.log.LogManager.updateLog(LogManager.java:208)
	at org.apache.velocity.runtime.RuntimeInstance.initializeLog(RuntimeInstance.java:728)
	at org.apache.velocity.runtime.RuntimeInstance.init(RuntimeInstance.java:240)
	at org.apache.velocity.runtime.RuntimeInstance.parse(RuntimeInstance.java:993)
	at org.apache.velocity.runtime.RuntimeInstance.parse(RuntimeInstance.java:972)
	at org.apache.velocity.runtime.RuntimeSingleton.parse(RuntimeSingleton.java:265)
	at org.apache.velocity.app.Velocity.evaluate(Velocity.java:274)
	at org.sonatype.mavenbook.weather.WeatherFormatter.format(WeatherFormatter.java:21)
	at org.sonatype.mavenbook.weather.Main.start(Main.java:38)
	at org.sonatype.mavenbook.weather.Main.main(Main.java:21)
Caused by: java.lang.ClassNotFoundException: org.apache.log.format.Formatter
	at java.net.URLClassLoader.findClass(URLClassLoader.java:381)
	at java.lang.ClassLoader.loadClass(ClassLoader.java:424)
	at sun.misc.Launcher$AppClassLoader.loadClass(Launcher.java:331)
	at java.lang.ClassLoader.loadClass(ClassLoader.java:357)
	... 15 more
2016-11-12 13:21:05,033 - Trying to use logger class org.apache.velocity.runtime.log.Log4JLogChute
2016-11-12 13:21:05,033 - Using logger class org.apache.velocity.runtime.log.Log4JLogChute
2016-11-12 13:21:05,035 - Default ResourceManager initializing. (class org.apache.velocity.runtime.resource.ResourceManagerImpl)
2016-11-12 13:21:05,037 - ResourceLoader instantiated: org.apache.velocity.runtime.resource.loader.FileResourceLoader
2016-11-12 13:21:05,038 - Do unicode file recognition:  false
2016-11-12 13:21:05,039 - FileResourceLoader : adding path '.'
2016-11-12 13:21:05,049 - ResourceCache: initialized (class org.apache.velocity.runtime.resource.ResourceCacheImpl)
2016-11-12 13:21:05,050 - Loaded System Directive: org.apache.velocity.runtime.directive.Literal
2016-11-12 13:21:05,051 - Loaded System Directive: org.apache.velocity.runtime.directive.Macro
2016-11-12 13:21:05,052 - Loaded System Directive: org.apache.velocity.runtime.directive.Parse
2016-11-12 13:21:05,053 - Loaded System Directive: org.apache.velocity.runtime.directive.Include
2016-11-12 13:21:05,054 - Loaded System Directive: org.apache.velocity.runtime.directive.Foreach
2016-11-12 13:21:05,080 - Created '20' parsers.
2016-11-12 13:21:05,086 - Velocimacro : "velocimacro.library" is not set.  Trying default library: VM_global_library.vm
2016-11-12 13:21:05,086 - Velocimacro : Default library not found.
2016-11-12 13:21:05,086 - Velocimacro : allowInline = true : VMs can be defined inline in templates
2016-11-12 13:21:05,086 - Velocimacro : allowInlineToOverride = false : VMs defined inline may NOT replace previous VM definitions
2016-11-12 13:21:05,086 - Velocimacro : allowInlineLocal = false : VMs defined inline will be global in scope if allowed.
2016-11-12 13:21:05,087 - Velocimacro : autoload off : VM system will not automatically reload global library macros
